[18:16:27] [Server thread/INFO]: Starting minecraft server version 1.12.2
[18:16:27] [Server thread/INFO]: Loading properties
[18:16:27] [Server thread/WARN]: server.properties does not exist
[18:16:27] [Server thread/INFO]: Generating new properties file
[18:16:27] [Server thread/INFO]: Default game type: SURVIVAL
[18:16:27] [Server thread/INFO]: This server is running CraftBukkit version git-Spigot-dcd1643-e60fc34 (MC: 1.12.2) (Implementing API version 1.12.2-R0.1-SNAPSHOT)
[18:16:28] [Server thread/INFO]: Debug logging is disabled
[18:16:28] [Server thread/INFO]: Server Ping Player Sample Count: 12
[18:16:28] [Server thread/INFO]: Using 4 threads for Netty based IO
[18:16:28] [Server thread/INFO]: Generating keypair
[18:16:28] [Server thread/INFO]: Starting Minecraft server on *:25565
[18:16:28] [Server thread/INFO]: Using default channel type
[18:16:29] [Server thread/INFO]: **** Beginning UUID conversion, this may take A LONG time ****
[18:16:29] [Server thread/INFO]: Preparing level "world"
[18:16:29] [Server thread/INFO]: -------- World Settings For [world] --------
[18:16:29] [Server thread/INFO]: Nerfing mobs spawned from spawners: false
[18:16:29] [Server thread/INFO]: Zombie Aggressive Towards Villager: true
[18:16:29] [Server thread/INFO]: Experience Merge Radius: 3.0
[18:16:29] [Server thread/INFO]: Item Despawn Rate: 6000
[18:16:29] [Server thread/INFO]: Item Merge Radius: 2.5
[18:16:29] [Server thread/INFO]: Allow Zombie Pigmen to spawn from portal blocks: true
[18:16:29] [Server thread/INFO]: View Distance: 10
[18:16:29] [Server thread/INFO]: Arrow Despawn Rate: 1200
[18:16:29] [Server thread/INFO]: Hopper Transfer: 8 Hopper Check: 1 Hopper Amount: 1
[18:16:29] [Server thread/INFO]: Custom Map Seeds:  Village: 10387312 Feature: 14357617 Monument: 10387313 Slime: 987234911
[18:16:29] [Server thread/INFO]: Entity Activation Range: An 32 / Mo 32 / Mi 16 / Tiv true
[18:16:29] [Server thread/INFO]: Entity Tracking Range: Pl 48 / An 48 / Mo 48 / Mi 32 / Other 64
[18:16:29] [Server thread/INFO]: Cactus Growth Modifier: 100%
[18:16:29] [Server thread/INFO]: Cane Growth Modifier: 100%
[18:16:29] [Server thread/INFO]: Melon Growth Modifier: 100%
[18:16:29] [Server thread/INFO]: Mushroom Growth Modifier: 100%
[18:16:29] [Server thread/INFO]: Pumpkin Growth Modifier: 100%
[18:16:29] [Server thread/INFO]: Sapling Growth Modifier: 100%
[18:16:29] [Server thread/INFO]: Wheat Growth Modifier: 100%
[18:16:29] [Server thread/INFO]: NetherWart Growth Modifier: 100%
[18:16:29] [Server thread/INFO]: Vine Growth Modifier: 100%
[18:16:29] [Server thread/INFO]: Cocoa Growth Modifier: 100%
[18:16:29] [Server thread/INFO]: Mob Spawn Range: 4
[18:16:29] [Server thread/INFO]: Max TNT Explosions: 100
[18:16:29] [Server thread/INFO]: Tile Max Tick Time: 50ms Entity max Tick Time: 50ms
[18:16:29] [Server thread/INFO]: Structure Info Saving: true
[18:16:29] [Server thread/INFO]: Random Lighting Updates: false
[18:16:31] [Server thread/INFO]: -------- World Settings For [world_nether] --------
[18:16:31] [Server thread/INFO]: Nerfing mobs spawned from spawners: false
[18:16:31] [Server thread/INFO]: Zombie Aggressive Towards Villager: true
[18:16:31] [Server thread/INFO]: Experience Merge Radius: 3.0
[18:16:31] [Server thread/INFO]: Item Despawn Rate: 6000
[18:16:31] [Server thread/INFO]: Item Merge Radius: 2.5
[18:16:31] [Server thread/INFO]: Allow Zombie Pigmen to spawn from portal blocks: true
[18:16:31] [Server thread/INFO]: View Distance: 10
[18:16:31] [Server thread/INFO]: Arrow Despawn Rate: 1200
[18:16:31] [Server thread/INFO]: Hopper Transfer: 8 Hopper Check: 1 Hopper Amount: 1
[18:16:31] [Server thread/INFO]: Custom Map Seeds:  Village: 10387312 Feature: 14357617 Monument: 10387313 Slime: 987234911
[18:16:31] [Server thread/INFO]: Entity Activation Range: An 32 / Mo 32 / Mi 16 / Tiv true
[18:16:31] [Server thread/INFO]: Entity Tracking Range: Pl 48 / An 48 / Mo 48 / Mi 32 / Other 64
[18:16:31] [Server thread/INFO]: Cactus Growth Modifier: 100%
[18:16:31] [Server thread/INFO]: Cane Growth Modifier: 100%
[18:16:31] [Server thread/INFO]: Melon Growth Modifier: 100%
[18:16:31] [Server thread/INFO]: Mushroom Growth Modifier: 100%
[18:16:31] [Server thread/INFO]: Pumpkin Growth Modifier: 100%
[18:16:31] [Server thread/INFO]: Sapling Growth Modifier: 100%
[18:16:31] [Server thread/INFO]: Wheat Growth Modifier: 100%
[18:16:31] [Server thread/INFO]: NetherWart Growth Modifier: 100%
[18:16:31] [Server thread/INFO]: Vine Growth Modifier: 100%
[18:16:31] [Server thread/INFO]: Cocoa Growth Modifier: 100%
[18:16:31] [Server thread/INFO]: Mob Spawn Range: 4
[18:16:31] [Server thread/INFO]: Max TNT Explosions: 100
[18:16:31] [Server thread/INFO]: Tile Max Tick Time: 50ms Entity max Tick Time: 50ms
[18:16:31] [Server thread/INFO]: Structure Info Saving: true
[18:16:31] [Server thread/INFO]: Random Lighting Updates: false
[18:16:31] [Server thread/INFO]: -------- World Settings For [world_the_end] --------
[18:16:31] [Server thread/INFO]: Nerfing mobs spawned from spawners: false
[18:16:31] [Server thread/INFO]: Zombie Aggressive Towards Villager: true
[18:16:31] [Server thread/INFO]: Experience Merge Radius: 3.0
[18:16:31] [Server thread/INFO]: Item Despawn Rate: 6000
[18:16:31] [Server thread/INFO]: Item Merge Radius: 2.5
[18:16:31] [Server thread/INFO]: Allow Zombie Pigmen to spawn from portal blocks: true
[18:16:31] [Server thread/INFO]: View Distance: 10
[18:16:31] [Server thread/INFO]: Arrow Despawn Rate: 1200
[18:16:31] [Server thread/INFO]: Hopper Transfer: 8 Hopper Check: 1 Hopper Amount: 1
[18:16:31] [Server thread/INFO]: Custom Map Seeds:  Village: 10387312 Feature: 14357617 Monument: 10387313 Slime: 987234911
[18:16:31] [Server thread/INFO]: Entity Activation Range: An 32 / Mo 32 / Mi 16 / Tiv true
[18:16:31] [Server thread/INFO]: Entity Tracking Range: Pl 48 / An 48 / Mo 48 / Mi 32 / Other 64
[18:16:31] [Server thread/INFO]: Cactus Growth Modifier: 100%
[18:16:31] [Server thread/INFO]: Cane Growth Modifier: 100%
[18:16:31] [Server thread/INFO]: Melon Growth Modifier: 100%
[18:16:31] [Server thread/INFO]: Mushroom Growth Modifier: 100%
[18:16:31] [Server thread/INFO]: Pumpkin Growth Modifier: 100%
[18:16:31] [Server thread/INFO]: Sapling Growth Modifier: 100%
[18:16:31] [Server thread/INFO]: Wheat Growth Modifier: 100%
[18:16:31] [Server thread/INFO]: NetherWart Growth Modifier: 100%
[18:16:31] [Server thread/INFO]: Vine Growth Modifier: 100%
[18:16:31] [Server thread/INFO]: Cocoa Growth Modifier: 100%
[18:16:31] [Server thread/INFO]: Mob Spawn Range: 4
[18:16:31] [Server thread/INFO]: Max TNT Explosions: 100
[18:16:31] [Server thread/INFO]: Tile Max Tick Time: 50ms Entity max Tick Time: 50ms
[18:16:31] [Server thread/INFO]: Structure Info Saving: true
[18:16:31] [Server thread/INFO]: Random Lighting Updates: false
[18:16:31] [Server thread/INFO]: Preparing start region for level 0 (Seed: -4017235577347368889)
[18:16:32] [Server thread/INFO]: Preparing spawn area: 5%
[18:16:33] [Server thread/INFO]: Preparing spawn area: 9%
[18:16:34] [Server thread/INFO]: Preparing spawn area: 12%
[18:16:35] [Server thread/INFO]: Preparing spawn area: 15%
[18:16:36] [Server thread/INFO]: Preparing spawn area: 19%
[18:16:37] [Server thread/INFO]: Preparing spawn area: 21%
[18:16:39] [Server thread/INFO]: Preparing spawn area: 24%
[18:16:40] [Server thread/INFO]: Preparing spawn area: 27%
[18:16:41] [Server thread/INFO]: Preparing spawn area: 31%
[18:16:42] [Server thread/INFO]: Preparing spawn area: 33%
[18:16:43] [Server thread/INFO]: Preparing spawn area: 37%
[18:16:44] [Server thread/INFO]: Preparing spawn area: 40%
[18:16:45] [Server thread/INFO]: Preparing spawn area: 43%
[18:16:46] [Server thread/INFO]: Preparing spawn area: 47%
[18:16:47] [Server thread/INFO]: Preparing spawn area: 50%
[18:16:48] [Server thread/INFO]: Preparing spawn area: 52%
[18:16:49] [Server thread/INFO]: Preparing spawn area: 56%
[18:16:50] [Server thread/INFO]: Preparing spawn area: 60%
[18:16:51] [Server thread/INFO]: Preparing spawn area: 63%
[18:16:52] [Server thread/INFO]: Preparing spawn area: 66%
[18:16:53] [Server thread/INFO]: Preparing spawn area: 69%
[18:16:54] [Server thread/INFO]: Preparing spawn area: 72%
[18:16:55] [Server thread/INFO]: Preparing spawn area: 75%
[18:16:56] [Server thread/INFO]: Preparing spawn area: 78%
[18:16:57] [Server thread/INFO]: Preparing spawn area: 80%
[18:16:58] [Server thread/INFO]: Preparing spawn area: 84%
[18:16:59] [Server thread/INFO]: Preparing spawn area: 85%
[18:17:00] [Server thread/INFO]: Preparing spawn area: 88%
[18:17:01] [Server thread/INFO]: Preparing spawn area: 90%
[18:17:02] [Server thread/INFO]: Preparing spawn area: 93%
[18:17:03] [Server thread/INFO]: Preparing spawn area: 96%
[18:17:04] [Server thread/INFO]: Preparing spawn area: 99%
[18:17:05] [Server thread/INFO]: Preparing start region for level 1 (Seed: -4017235577347368889)
[18:17:06] [Server thread/INFO]: Preparing spawn area: 6%
[18:17:07] [Server thread/INFO]: Preparing spawn area: 12%
[18:17:08] [Server thread/INFO]: Preparing spawn area: 17%
[18:17:09] [Server thread/INFO]: Preparing spawn area: 21%
[18:17:10] [Server thread/INFO]: Preparing spawn area: 26%
[18:17:11] [Server thread/INFO]: Preparing spawn area: 30%
[18:17:12] [Server thread/INFO]: Preparing spawn area: 34%
[18:17:13] [Server thread/INFO]: Preparing spawn area: 38%
[18:17:14] [Server thread/INFO]: Preparing spawn area: 41%
[18:17:15] [Server thread/INFO]: Preparing spawn area: 46%
[18:17:16] [Server thread/INFO]: Preparing spawn area: 51%
[18:17:17] [Server thread/INFO]: Preparing spawn area: 55%
[18:17:18] [Server thread/INFO]: Preparing spawn area: 58%
[18:17:19] [Server thread/INFO]: Preparing spawn area: 61%
[18:17:21] [Server thread/INFO]: Preparing spawn area: 66%
[18:17:22] [Server thread/INFO]: Preparing spawn area: 70%
[18:17:23] [Server thread/INFO]: Preparing spawn area: 73%
[18:17:24] [Server thread/INFO]: Preparing spawn area: 79%
[18:17:25] [Server thread/INFO]: Preparing spawn area: 83%
[18:17:26] [Server thread/INFO]: Preparing spawn area: 88%
[18:17:27] [Server thread/INFO]: Preparing spawn area: 93%
[18:17:28] [Server thread/INFO]: Preparing spawn area: 97%
[18:17:28] [Server thread/INFO]: Preparing start region for level 2 (Seed: -4017235577347368889)
[18:17:29] [Server thread/INFO]: Preparing spawn area: 14%
[18:17:30] [Server thread/INFO]: Preparing spawn area: 28%
[18:17:31] [Server thread/INFO]: Preparing spawn area: 42%
[18:17:32] [Server thread/INFO]: Preparing spawn area: 52%
[18:17:33] [Server thread/INFO]: Preparing spawn area: 64%
[18:17:34] [Server thread/INFO]: Preparing spawn area: 79%
[18:17:35] [Server thread/INFO]: Preparing spawn area: 94%
[18:17:36] [Server thread/INFO]: Done (66,418s)! For help, type "help" or "?"
[18:19:22] [Server thread/INFO]: Stopping the server
[18:19:22] [Server thread/INFO]: Stopping server
[18:19:22] [Server thread/INFO]: Saving players
[18:19:22] [Server thread/INFO]: Saving worlds
[18:19:22] [Server thread/INFO]: Saving chunks for level 'world'/overworld
[18:19:24] [Server thread/INFO]: Saving chunks for level 'world_nether'/the_nether
[18:19:24] [Server thread/INFO]: Saving chunks for level 'world_the_end'/the_end
